TN:
SF:src\domain\index.ts
FN:1,get
FN:1,get
FNF:2
FNH:2
FNDA:3,get
FNDA:4,get
DA:1,1
LF:1
LH:1
BRDA:1,0,0,3
BRDA:1,1,0,4
BRF:2
BRH:2
end_of_record
TN:
SF:src\domain\use-cases\create-table.use-case.ts
FN:11,CreateTable
FN:13,execute
FNF:2
FNH:2
FNDA:2,CreateTable
FNDA:2,execute
DA:1,1
DA:2,1
DA:3,1
DA:4,1
DA:5,1
DA:6,1
DA:7,1
DA:8,1
DA:9,1
DA:10,1
DA:11,1
DA:12,1
DA:13,1
DA:14,2
DA:15,2
DA:16,2
DA:17,2
DA:18,2
DA:19,2
DA:20,2
DA:21,2
DA:22,2
DA:23,37
DA:24,37
DA:25,37
DA:26,2
DA:27,2
DA:28,2
DA:29,2
DA:30,1
LF:30
LH:30
BRDA:11,0,0,2
BRDA:13,1,0,2
BRDA:22,2,0,37
BRDA:25,3,0,35
BRF:4
BRH:4
end_of_record
TN:
SF:src\domain\use-cases\index.ts
FN:1,get
FN:2,get
FNF:2
FNH:2
FNDA:3,get
FNDA:4,get
DA:1,1
DA:2,1
LF:2
LH:2
BRDA:1,0,0,3
BRDA:2,1,0,4
BRF:2
BRH:2
end_of_record
TN:
SF:src\domain\use-cases\save-file.use-case.ts
FN:14,SaveFile
FN:17,execute
FNF:2
FNH:2
FNDA:4,SaveFile
FNDA:4,execute
DA:1,1
DA:2,1
DA:3,1
DA:4,1
DA:5,1
DA:6,1
DA:7,1
DA:8,1
DA:9,1
DA:10,1
DA:11,1
DA:12,1
DA:13,1
DA:14,1
DA:15,1
DA:16,1
DA:17,1
DA:18,4
DA:19,4
DA:20,4
DA:21,4
DA:22,4
DA:23,4
DA:24,4
DA:25,4
DA:26,4
DA:27,4
DA:28,2
DA:29,2
DA:30,2
DA:31,4
DA:32,1
LF:32
LH:32
BRDA:14,0,0,4
BRDA:17,1,0,4
BRDA:27,2,0,2
BRF:3
BRH:3
end_of_record
